Copyright 1986-2019 Xilinx, Inc. All Rights Reserved.
---------------------------------------------------------------------------------------------
| Tool Version : Vivado v.2019.1 (win64) Build 2552052 Fri May 24 14:49:42 MDT 2019
| Date         : Thu Nov  5 16:19:26 2020
| Host         : DESKTOP-7QAIPHN running 64-bit major release  (build 9200)
| Command      : report_control_sets -verbose -file design_1_wrapper_control_sets_placed.rpt
| Design       : design_1_wrapper
| Device       : xc7z010
---------------------------------------------------------------------------------------------

Control Set Information

Table of Contents
-----------------
1. Summary
2. Histogram
3. Flip-Flop Distribution
4. Detailed Control Set Information

1. Summary
----------

+----------------------------------------------------------+-------+
|                          Status                          | Count |
+----------------------------------------------------------+-------+
| Total control sets                                       |    64 |
|    Minimum number of control sets                        |    64 |
|    Addition due to synthesis replication                 |     0 |
|    Addition due to physical synthesis replication        |     0 |
| Unused register locations in slices containing registers |   121 |
+----------------------------------------------------------+-------+
* Control sets can be merged at opt_design using control_set_merge or merge_equivalent_drivers
** Run report_qor_suggestions for automated merging and remapping suggestions


2. Histogram
------------

+--------------------+-------+
|       Fanout       | Count |
+--------------------+-------+
| Total control sets |    64 |
| >= 0 to < 4        |     1 |
| >= 4 to < 6        |     9 |
| >= 6 to < 8        |     2 |
| >= 8 to < 10       |    20 |
| >= 10 to < 12      |     4 |
| >= 12 to < 14      |     6 |
| >= 14 to < 16      |     3 |
| >= 16              |    19 |
+--------------------+-------+
* Control sets can be remapped at either synth_design or opt_design


3. Flip-Flop Distribution
-------------------------

+--------------+-----------------------+------------------------+-----------------+--------------+
| Clock Enable | Synchronous Set/Reset | Asynchronous Set/Reset | Total Registers | Total Slices |
+--------------+-----------------------+------------------------+-----------------+--------------+
| No           | No                    | No                     |             285 |           88 |
| No           | No                    | Yes                    |               0 |            0 |
| No           | Yes                   | No                     |             116 |           45 |
| Yes          | No                    | No                     |             454 |          102 |
| Yes          | No                    | Yes                    |               0 |            0 |
| Yes          | Yes                   | No                     |             296 |           79 |
+--------------+-----------------------+------------------------+-----------------+--------------+


4. Detailed Control Set Information
-----------------------------------

+-----------------------------------------------------------------------------------+----------------------------------------------------------------------------------------------------------------------------------------------------------------+-------------------------------------------------------------------------------------------------------------------------------------------------------+------------------+----------------+
|                                    Clock Signal                                   |                                                                          Enable Signal                                                                         |                                                                    Set/Reset Signal                                                                   | Slice Load Count | Bel Load Count |
+-----------------------------------------------------------------------------------+----------------------------------------------------------------------------------------------------------------------------------------------------------------+-------------------------------------------------------------------------------------------------------------------------------------------------------+------------------+----------------+
|  design_1_i/processing_system7_0/inst/FCLK_CLK0                                   | design_1_i/ps7_0_axi_periph/s00_couplers/auto_pc/inst/gen_axilite.gen_b2s_conv.axilite_b2s/WR.b_channel_0/bid_fifo_0/bresp_push                                |                                                                                                                                                       |                1 |              2 |
|  design_1_i/processing_system7_0/inst/FCLK_CLK0                                   | design_1_i/axi_gpio_0/U0/AXI_LITE_IPIF_I/I_SLAVE_ATTACHMENT/I_DECODER/bus2ip_rnw_i_reg_1[0]                                                                    | design_1_i/axi_gpio_0/U0/bus2ip_reset                                                                                                                 |                1 |              4 |
|  design_1_i/processing_system7_0/inst/FCLK_CLK0                                   |                                                                                                                                                                | design_1_i/ps7_0_axi_periph/s00_couplers/auto_pc/inst/gen_axilite.gen_b2s_conv.axilite_b2s/SI_REG/aw.aw_pipe/aresetn_d_reg[0]_0                       |                3 |              4 |
|  design_1_i/processing_system7_0/inst/FCLK_CLK0                                   |                                                                                                                                                                | design_1_i/axi_gpio_0/U0/AXI_LITE_IPIF_I/I_SLAVE_ATTACHMENT/clear                                                                                     |                1 |              4 |
|  design_1_i/processing_system7_0/inst/FCLK_CLK0                                   |                                                                                                                                                                | design_1_i/rst_ps7_0_100M/U0/EXT_LPF/lpf_int                                                                                                          |                3 |              4 |
|  design_1_i/processing_system7_0/inst/FCLK_CLK0                                   |                                                                                                                                                                | design_1_i/ps7_0_axi_periph/s00_couplers/auto_pc/inst/gen_axilite.gen_b2s_conv.axilite_b2s/SI_REG/ar.ar_pipe/aresetn_d_reg[1]_inv_0                   |                3 |              4 |
|  design_1_i/processing_system7_0/inst/FCLK_CLK0                                   | design_1_i/ps7_0_axi_periph/s00_couplers/auto_pc/inst/gen_axilite.gen_b2s_conv.axilite_b2s/RD.ar_channel_0/ar_cmd_fsm_0/m_axi_arready_0                        | design_1_i/ps7_0_axi_periph/s00_couplers/auto_pc/inst/gen_axilite.gen_b2s_conv.axilite_b2s/RD.ar_channel_0/ar_cmd_fsm_0/FSM_sequential_state_reg[1]_0 |                3 |              5 |
|  design_1_i/processing_system7_0/inst/FCLK_CLK0                                   | design_1_i/ps7_0_axi_periph/s00_couplers/auto_pc/inst/gen_axilite.gen_b2s_conv.axilite_b2s/RD.r_channel_0/transaction_fifo_0/cnt_read[4]_i_1__0_n_0            | design_1_i/ps7_0_axi_periph/s00_couplers/auto_pc/inst/gen_axilite.gen_b2s_conv.axilite_b2s/areset_d1                                                  |                2 |              5 |
|  design_1_i/processing_system7_0/inst/FCLK_CLK0                                   | design_1_i/ps7_0_axi_periph/s00_couplers/auto_pc/inst/gen_axilite.gen_b2s_conv.axilite_b2s/RD.r_channel_0/transaction_fifo_0/E[0]                              | design_1_i/ps7_0_axi_periph/s00_couplers/auto_pc/inst/gen_axilite.gen_b2s_conv.axilite_b2s/areset_d1                                                  |                2 |              5 |
|  design_1_i/processing_system7_0/inst/FCLK_CLK0                                   | design_1_i/ps7_0_axi_periph/s00_couplers/auto_pc/inst/gen_axilite.gen_b2s_conv.axilite_b2s/WR.aw_channel_0/aw_cmd_fsm_0/m_valid_i_reg_0                        | design_1_i/ps7_0_axi_periph/s00_couplers/auto_pc/inst/gen_axilite.gen_b2s_conv.axilite_b2s/WR.aw_channel_0/aw_cmd_fsm_0/m_valid_i_reg                 |                3 |              5 |
|  design_1_i/processing_system7_0/inst/FCLK_CLK0                                   | design_1_i/rst_ps7_0_100M/U0/SEQ/seq_cnt_en                                                                                                                    | design_1_i/rst_ps7_0_100M/U0/SEQ/SEQ_COUNTER/clear                                                                                                    |                1 |              6 |
|  design_1_i/processing_system7_0/inst/FCLK_CLK0                                   | design_1_i/axi_gpio_0/U0/AXI_LITE_IPIF_I/I_SLAVE_ATTACHMENT/s_axi_rresp_i                                                                                      | design_1_i/axi_gpio_0/U0/bus2ip_reset                                                                                                                 |                1 |              6 |
|  design_1_i/processing_system7_0/inst/FCLK_CLK0                                   | design_1_i/ps7_0_axi_periph/s00_couplers/auto_pc/inst/gen_axilite.gen_b2s_conv.axilite_b2s/WR.b_channel_0/mhandshake_r                                         | design_1_i/ps7_0_axi_periph/s00_couplers/auto_pc/inst/gen_axilite.gen_b2s_conv.axilite_b2s/WR.b_channel_0/bid_fifo_0/SR[0]                            |                3 |              8 |
|  design_1_i/processing_system7_0/inst/FCLK_CLK0                                   | design_1_i/DA2Pmod_0/inst/DA2Pmod_v1_0_S00_AXI_inst/slv_reg0[23]_i_1_n_0                                                                                       | design_1_i/DA2Pmod_0/inst/DA2Pmod_v1_0_S00_AXI_inst/axi_awready_i_1_n_0                                                                               |                1 |              8 |
|  design_1_i/processing_system7_0/inst/FCLK_CLK0                                   | design_1_i/DA2Pmod_0/inst/DA2Pmod_v1_0_S00_AXI_inst/slv_reg0[7]_i_1_n_0                                                                                        | design_1_i/DA2Pmod_0/inst/DA2Pmod_v1_0_S00_AXI_inst/axi_awready_i_1_n_0                                                                               |                2 |              8 |
|  design_1_i/processing_system7_0/inst/FCLK_CLK0                                   | design_1_i/axi_gpio_0/U0/AXI_LITE_IPIF_I/I_SLAVE_ATTACHMENT/I_DECODER/E[0]                                                                                     | design_1_i/axi_gpio_0/U0/bus2ip_reset                                                                                                                 |                2 |              8 |
|  design_1_i/processing_system7_0/inst/FCLK_CLK0                                   | design_1_i/axi_gpio_0/U0/AXI_LITE_IPIF_I/I_SLAVE_ATTACHMENT/bus2ip_addr_i[8]_i_1_n_0                                                                           | design_1_i/axi_gpio_0/U0/bus2ip_reset                                                                                                                 |                2 |              8 |
|  design_1_i/processing_system7_0/inst/FCLK_CLK0                                   |                                                                                                                                                                | design_1_i/axi_gpio_0/U0/AXI_LITE_IPIF_I/I_SLAVE_ATTACHMENT/I_DECODER/bus2ip_rnw_i_reg_2                                                              |                2 |              8 |
|  design_1_i/processing_system7_0/inst/FCLK_CLK0                                   | design_1_i/DA2Pmod_0/inst/DA2Pmod_v1_0_S00_AXI_inst/slv_reg3[23]_i_1_n_0                                                                                       | design_1_i/DA2Pmod_0/inst/DA2Pmod_v1_0_S00_AXI_inst/axi_awready_i_1_n_0                                                                               |                2 |              8 |
|  design_1_i/processing_system7_0/inst/FCLK_CLK0                                   | design_1_i/AD1Pmod_0/inst/AD1Pmod_v1_0_S00_AXI_inst/p_1_in[7]                                                                                                  | design_1_i/AD1Pmod_0/inst/AD1Pmod_v1_0_S00_AXI_inst/p_0_in                                                                                            |                2 |              8 |
|  design_1_i/processing_system7_0/inst/FCLK_CLK0                                   | design_1_i/AD1Pmod_0/inst/AD1Pmod_v1_0_S00_AXI_inst/p_1_in[15]                                                                                                 | design_1_i/AD1Pmod_0/inst/AD1Pmod_v1_0_S00_AXI_inst/p_0_in                                                                                            |                1 |              8 |
|  design_1_i/processing_system7_0/inst/FCLK_CLK0                                   | design_1_i/AD1Pmod_0/inst/AD1Pmod_v1_0_S00_AXI_inst/p_1_in[23]                                                                                                 | design_1_i/AD1Pmod_0/inst/AD1Pmod_v1_0_S00_AXI_inst/p_0_in                                                                                            |                1 |              8 |
|  design_1_i/processing_system7_0/inst/FCLK_CLK0                                   | design_1_i/AD1Pmod_0/inst/AD1Pmod_v1_0_S00_AXI_inst/p_1_in[31]                                                                                                 | design_1_i/AD1Pmod_0/inst/AD1Pmod_v1_0_S00_AXI_inst/p_0_in                                                                                            |                1 |              8 |
|  design_1_i/processing_system7_0/inst/FCLK_CLK0                                   | design_1_i/DA2Pmod_0/inst/DA2Pmod_v1_0_S00_AXI_inst/slv_reg2[15]_i_1_n_0                                                                                       | design_1_i/DA2Pmod_0/inst/DA2Pmod_v1_0_S00_AXI_inst/axi_awready_i_1_n_0                                                                               |                1 |              8 |
|  design_1_i/processing_system7_0/inst/FCLK_CLK0                                   | design_1_i/DA2Pmod_0/inst/DA2Pmod_v1_0_S00_AXI_inst/slv_reg3[7]_i_1_n_0                                                                                        | design_1_i/DA2Pmod_0/inst/DA2Pmod_v1_0_S00_AXI_inst/axi_awready_i_1_n_0                                                                               |                1 |              8 |
|  design_1_i/processing_system7_0/inst/FCLK_CLK0                                   | design_1_i/DA2Pmod_0/inst/DA2Pmod_v1_0_S00_AXI_inst/slv_reg2[31]_i_1_n_0                                                                                       | design_1_i/DA2Pmod_0/inst/DA2Pmod_v1_0_S00_AXI_inst/axi_awready_i_1_n_0                                                                               |                1 |              8 |
|  design_1_i/processing_system7_0/inst/FCLK_CLK0                                   | design_1_i/DA2Pmod_0/inst/DA2Pmod_v1_0_S00_AXI_inst/slv_reg2[23]_i_1_n_0                                                                                       | design_1_i/DA2Pmod_0/inst/DA2Pmod_v1_0_S00_AXI_inst/axi_awready_i_1_n_0                                                                               |                1 |              8 |
|  design_1_i/processing_system7_0/inst/FCLK_CLK0                                   | design_1_i/DA2Pmod_0/inst/DA2Pmod_v1_0_S00_AXI_inst/slv_reg2[7]_i_1_n_0                                                                                        | design_1_i/DA2Pmod_0/inst/DA2Pmod_v1_0_S00_AXI_inst/axi_awready_i_1_n_0                                                                               |                1 |              8 |
|  design_1_i/processing_system7_0/inst/FCLK_CLK0                                   | design_1_i/DA2Pmod_0/inst/DA2Pmod_v1_0_S00_AXI_inst/slv_reg0[15]_i_1_n_0                                                                                       | design_1_i/DA2Pmod_0/inst/DA2Pmod_v1_0_S00_AXI_inst/axi_awready_i_1_n_0                                                                               |                2 |              8 |
|  design_1_i/processing_system7_0/inst/FCLK_CLK0                                   | design_1_i/DA2Pmod_0/inst/DA2Pmod_v1_0_S00_AXI_inst/slv_reg0[31]_i_1_n_0                                                                                       | design_1_i/DA2Pmod_0/inst/DA2Pmod_v1_0_S00_AXI_inst/axi_awready_i_1_n_0                                                                               |                1 |              8 |
|  design_1_i/processing_system7_0/inst/FCLK_CLK0                                   | design_1_i/DA2Pmod_0/inst/DA2Pmod_v1_0_S00_AXI_inst/slv_reg3[31]_i_1_n_0                                                                                       | design_1_i/DA2Pmod_0/inst/DA2Pmod_v1_0_S00_AXI_inst/axi_awready_i_1_n_0                                                                               |                2 |              8 |
|  design_1_i/processing_system7_0/inst/FCLK_CLK0                                   | design_1_i/DA2Pmod_0/inst/DA2Pmod_v1_0_S00_AXI_inst/slv_reg3[15]_i_1_n_0                                                                                       | design_1_i/DA2Pmod_0/inst/DA2Pmod_v1_0_S00_AXI_inst/axi_awready_i_1_n_0                                                                               |                2 |              8 |
|  design_1_i/processing_system7_0/inst/FCLK_CLK0                                   |                                                                                                                                                                | design_1_i/AD1Pmod_0/inst/AD1Pmod_v1_0_S00_AXI_inst/p_0_in                                                                                            |                4 |             10 |
|  design_1_i/processing_system7_0/inst/FCLK_CLK0                                   |                                                                                                                                                                | design_1_i/DA2Pmod_0/inst/DA2Pmod_v1_0_S00_AXI_inst/axi_awready_i_1_n_0                                                                               |                4 |             10 |
|  design_1_i/processing_system7_0/inst/FCLK_CLK0                                   |                                                                                                                                                                | design_1_i/ps7_0_axi_periph/s00_couplers/auto_pc/inst/gen_axilite.gen_b2s_conv.axilite_b2s/areset_d1                                                  |                4 |             10 |
|  design_1_i/processing_system7_0/inst/FCLK_CLK2                                   |                                                                                                                                                                |                                                                                                                                                       |                5 |             11 |
|  design_1_i/processing_system7_0/inst/FCLK_CLK0                                   | design_1_i/ps7_0_axi_periph/s00_couplers/auto_pc/inst/gen_axilite.gen_b2s_conv.axilite_b2s/RD.ar_channel_0/ar_cmd_fsm_0/E[0]                                   |                                                                                                                                                       |                4 |             12 |
|  design_1_i/processing_system7_0/inst/FCLK_CLK0                                   | design_1_i/ps7_0_axi_periph/s00_couplers/auto_pc/inst/gen_axilite.gen_b2s_conv.axilite_b2s/WR.aw_channel_0/aw_cmd_fsm_0/E[0]                                   |                                                                                                                                                       |                5 |             12 |
|  design_1_i/processing_system7_0/inst/FCLK_CLK0                                   | design_1_i/ps7_0_axi_periph/s00_couplers/auto_pc/inst/gen_axilite.gen_b2s_conv.axilite_b2s/WR.aw_channel_0/cmd_translator_0/incr_cmd_0/axaddr_incr[11]_i_1_n_0 |                                                                                                                                                       |                2 |             12 |
|  design_1_i/processing_system7_0/inst/FCLK_CLK0                                   | design_1_i/ps7_0_axi_periph/s00_couplers/auto_pc/inst/gen_axilite.gen_b2s_conv.axilite_b2s/RD.ar_channel_0/ar_cmd_fsm_0/sel_first_reg[0]                       |                                                                                                                                                       |                4 |             12 |
|  design_1_i/processing_system7_0/inst/FCLK_CLK0                                   |                                                                                                                                                                | design_1_i/ps7_0_axi_periph/xbar/inst/gen_sasd.crossbar_sasd_0/addr_arbiter_inst/SR[0]                                                                |                5 |             13 |
|  design_1_i/processing_system7_0/inst/FCLK_CLK0                                   | design_1_i/ps7_0_axi_periph/s00_couplers/auto_pc/inst/gen_axilite.gen_b2s_conv.axilite_b2s/RD.r_channel_0/r_push_r                                             |                                                                                                                                                       |                4 |             13 |
|  design_1_i/processing_system7_0/inst/FCLK_CLK0                                   | design_1_i/ps7_0_axi_periph/s00_couplers/auto_pc/inst/gen_axilite.gen_b2s_conv.axilite_b2s/SI_REG/b.b_pipe/p_1_in                                              |                                                                                                                                                       |                3 |             14 |
|  design_1_i/processing_system7_0/inst/FCLK_CLK0                                   | design_1_i/ps7_0_axi_periph/s00_couplers/auto_pc/inst/gen_axilite.gen_b2s_conv.axilite_b2s/SI_REG/b.b_pipe/s_ready_i_reg_0                                     |                                                                                                                                                       |                3 |             14 |
|  design_1_i/processing_system7_0/inst/FCLK_CLK0                                   | design_1_i/ps7_0_axi_periph/xbar/inst/gen_sasd.crossbar_sasd_0/reg_slice_r/aa_rready                                                                           |                                                                                                                                                       |                6 |             15 |
|  design_1_i/processing_system7_0/inst/FCLK_CLK0                                   | design_1_i/ps7_0_axi_periph/s00_couplers/auto_pc/inst/gen_axilite.gen_b2s_conv.axilite_b2s/WR.aw_channel_0/aw_cmd_fsm_0/b_push                                 |                                                                                                                                                       |                3 |             16 |
|  design_1_i/processing_system7_0/inst/FCLK_CLK0                                   | design_1_i/ps7_0_axi_periph/s00_couplers/auto_pc/inst/gen_axilite.gen_b2s_conv.axilite_b2s/RD.ar_channel_0/ar_cmd_fsm_0/m_axi_arready_0                        |                                                                                                                                                       |                7 |             21 |
|  design_1_i/processing_system7_0/inst/FCLK_CLK0                                   | design_1_i/axi_gpio_0/U0/AXI_LITE_IPIF_I/I_SLAVE_ATTACHMENT/start2                                                                                             | design_1_i/axi_gpio_0/U0/AXI_LITE_IPIF_I/I_SLAVE_ATTACHMENT/I_DECODER/cs_ce_clr                                                                       |                5 |             21 |
|  design_1_i/processing_system7_0/inst/FCLK_CLK0                                   | design_1_i/ps7_0_axi_periph/s00_couplers/auto_pc/inst/gen_axilite.gen_b2s_conv.axilite_b2s/WR.aw_channel_0/aw_cmd_fsm_0/m_valid_i_reg_0                        |                                                                                                                                                       |                6 |             21 |
|  design_1_i/processing_system7_0/inst/FCLK_CLK0                                   | design_1_i/ps7_0_axi_periph/xbar/inst/gen_sasd.crossbar_sasd_0/addr_arbiter_inst/p_0_in1_in                                                                    | design_1_i/ps7_0_axi_periph/xbar/inst/gen_sasd.crossbar_sasd_0/addr_arbiter_inst/SR[0]                                                                |               10 |             23 |
|  design_1_i/DA2Pmod_0/inst/DA2Pmod_v1_0_S00_AXI_inst/reg_data_out_reg[31]_i_2_n_0 |                                                                                                                                                                |                                                                                                                                                       |               10 |             31 |
|  design_1_i/processing_system7_0/inst/FCLK_CLK0                                   | design_1_i/DA2Pmod_0/inst/DA2Pmod_v1_0_S00_AXI_inst/slv_reg_rden__0                                                                                            | design_1_i/DA2Pmod_0/inst/DA2Pmod_v1_0_S00_AXI_inst/axi_awready_i_1_n_0                                                                               |               10 |             32 |
|  design_1_i/processing_system7_0/inst/FCLK_CLK0                                   | design_1_i/AD1Pmod_0/inst/AD1Pmod_v1_0_S00_AXI_inst/slv_reg_rden__0                                                                                            | design_1_i/AD1Pmod_0/inst/AD1Pmod_v1_0_S00_AXI_inst/p_0_in                                                                                            |               12 |             32 |
|  design_1_i/processing_system7_0/inst/FCLK_CLK1                                   |                                                                                                                                                                |                                                                                                                                                       |               14 |             33 |
|  design_1_i/processing_system7_0/inst/FCLK_CLK0                                   | design_1_i/ps7_0_axi_periph/s00_couplers/auto_pc/inst/gen_axilite.gen_b2s_conv.axilite_b2s/RD.r_channel_0/rd_data_fifo_0/wr_en0                                |                                                                                                                                                       |                9 |             34 |
|  design_1_i/processing_system7_0/inst/FCLK_CLK0                                   | design_1_i/ps7_0_axi_periph/xbar/inst/gen_sasd.crossbar_sasd_0/addr_arbiter_inst/E[0]                                                                          |                                                                                                                                                       |                5 |             35 |
|  design_1_i/processing_system7_0/inst/FCLK_CLK0                                   | design_1_i/ps7_0_axi_periph/s00_couplers/auto_pc/inst/gen_axilite.gen_b2s_conv.axilite_b2s/SI_REG/r.r_pipe/p_1_in                                              |                                                                                                                                                       |                8 |             47 |
|  design_1_i/processing_system7_0/inst/FCLK_CLK0                                   | design_1_i/ps7_0_axi_periph/s00_couplers/auto_pc/inst/gen_axilite.gen_b2s_conv.axilite_b2s/SI_REG/r.r_pipe/s_ready_i_reg_0                                     |                                                                                                                                                       |                8 |             47 |
|  design_1_i/processing_system7_0/inst/FCLK_CLK0                                   | design_1_i/ps7_0_axi_periph/s00_couplers/auto_pc/inst/gen_axilite.gen_b2s_conv.axilite_b2s/RD.ar_channel_0/ar_cmd_fsm_0/FSM_sequential_state_reg[1]_1[0]       |                                                                                                                                                       |               10 |             48 |
|  design_1_i/processing_system7_0/inst/FCLK_CLK0                                   | design_1_i/ps7_0_axi_periph/s00_couplers/auto_pc/inst/gen_axilite.gen_b2s_conv.axilite_b2s/WR.aw_channel_0/aw_cmd_fsm_0/m_valid_i_reg_1[0]                     |                                                                                                                                                       |                9 |             48 |
|  design_1_i/processing_system7_0/inst/FCLK_CLK0                                   | design_1_i/ps7_0_axi_periph/s00_couplers/auto_pc/inst/gen_axilite.gen_b2s_conv.axilite_b2s/SI_REG/aw.aw_pipe/s_ready_i_reg_0                                   |                                                                                                                                                       |               11 |             48 |
|  design_1_i/processing_system7_0/inst/FCLK_CLK0                                   | design_1_i/ps7_0_axi_periph/s00_couplers/auto_pc/inst/gen_axilite.gen_b2s_conv.axilite_b2s/SI_REG/ar.ar_pipe/s_ready_i_reg_0                                   |                                                                                                                                                       |               11 |             48 |
|  design_1_i/processing_system7_0/inst/FCLK_CLK0                                   |                                                                                                                                                                | design_1_i/axi_gpio_0/U0/bus2ip_reset                                                                                                                 |               16 |             49 |
|  design_1_i/processing_system7_0/inst/FCLK_CLK0                                   |                                                                                                                                                                |                                                                                                                                                       |               60 |            211 |
+-----------------------------------------------------------------------------------+----------------------------------------------------------------------------------------------------------------------------------------------------------------+-------------------------------------------------------------------------------------------------------------------------------------------------------+------------------+----------------+


